<?xml version="1.0" encoding="UTF-8"?>
<!-- Generated by org.testng.reporters.JUnitReportReporter -->
<testsuite hostname="zafar1611" failures="0" tests="1" name="EndToEndTest.AmazonTest" time="42.658" errors="0" timestamp="2020-09-29T14:15:59 EDT" skipped="0">
  <testcase classname="EndToEndTest.AmazonTest" name="amazonTesting" time="42.658"/>
  <system-out/>
</testsuite> <!-- EndToEndTest.AmazonTest -->
