<?xml version="1.0" encoding="UTF-8"?>
<!-- Generated by org.testng.reporters.JUnitReportReporter -->
<testsuite hostname="zafar1611" failures="0" tests="1" name="lesson21.CreatingAccount" time="6.029" errors="0" timestamp="2020-09-16T18:33:35 EDT" skipped="0">
  <testcase classname="lesson21.CreatingAccount" name="before" time="6.029"/>
  <system-out/>
</testsuite> <!-- lesson21.CreatingAccount -->
