<?xml version="1.0" encoding="UTF-8"?>
<!-- Generated by org.testng.reporters.JUnitReportReporter -->
<testsuite hostname="zafar1611" failures="0" tests="1" name="lesson21.AmazonShopping" time="53.344" errors="0" timestamp="2020-09-18T18:22:49 EDT" skipped="0">
  <testcase classname="lesson21.AmazonShopping" name="amazonEndtoEndTest" time="53.344"/>
  <system-out/>
</testsuite> <!-- lesson21.AmazonShopping -->
